<?xml version="1.0" encoding="UTF-8"?>
<testsuite xmlns:xsi="http://www.w3.org/2001/XMLSchema-instance" xsi:noNamespaceSchemaLocation="https://maven.apache.org/surefire/maven-surefire-plugin/xsd/surefire-test-report-3.0.xsd" version="3.0" name="com.example.pedidos.PedidosApplicationTests" time="34.828" tests="1" errors="0" skipped="0" failures="0">
  <properties>
[...]
</properties>
  <testcase name="contextLoads" classname="com.example.pedidos.PedidosApplicationTests" time="2.101">
    <system-out><![CDATA[11:15:27.701 [main] INFO org.springframework.test.context.support.AnnotationConfigContextLoaderUtils -- Could not detect default configuration classes for test class [com.example.pedidos.PedidosApplicationTests]: PedidosApplicationTests does not declare any static, non-private, non-final, nested classes annotated with @Configuration.
11:15:28.306 [main] INFO org.springframework.boot.test.context.SpringBootTestContextBootstrapper -- Found @SpringBootConfiguration com.example.pedidos.PedidosApplication for test class com.example.pedidos.PedidosApplicationTests

  .   ____          _            __ _ _
 /\\ / ___'_ __ _ _(_)_ __  __ _ \ \ \ \
( ( )\___ | '_ | '_| | '_ \/ _` | \ \ \ \
 \\/  ___)| |_)| | | | | || (_| |  ) ) ) )
  '  |____| .__|_| |_|_| |_\__, | / / / /
 =========|_|==============|___/=/_/_/_/
 :: Spring Boot ::                (v3.1.0)

2023-09-18T11:15:30.177-03:00  INFO 16752 --- [           main] c.e.pedidos.PedidosApplicationTests      : Starting PedidosApplicationTests using Java 20.0.2 with PID 16752 (started by Carlos_083488 in C:\Users\Carlos_083488\Documents\GitHub\Pedidos)
2023-09-18T11:15:30.183-03:00  INFO 16752 --- [           main] c.e.pedidos.PedidosApplicationTests      : No active profile set, falling back to 1 default profile: "default"
2023-09-18T11:15:35.006-03:00  INFO 16752 --- [           main] .s.d.r.c.RepositoryConfigurationDelegate : Bootstrapping Spring Data JPA repositories in DEFAULT mode.
2023-09-18T11:15:35.329-03:00  INFO 16752 --- [           main] .s.d.r.c.RepositoryConfigurationDelegate : Finished Spring Data repository scanning in 285 ms. Found 8 JPA repository interfaces.
2023-09-18T11:15:38.256-03:00  INFO 16752 --- [           main] com.zaxxer.hikari.HikariDataSource       : HikariPool-1 - Starting...
2023-09-18T11:15:42.820-03:00  INFO 16752 --- [           main] com.zaxxer.hikari.pool.HikariPool        : HikariPool-1 - Added connection org.postgresql.jdbc.PgConnection@370c7cc5
2023-09-18T11:15:42.826-03:00  INFO 16752 --- [           main] com.zaxxer.hikari.HikariDataSource       : HikariPool-1 - Start completed.
2023-09-18T11:15:43.039-03:00  INFO 16752 --- [           main] o.hibernate.jpa.internal.util.LogHelper  : HHH000204: Processing PersistenceUnitInfo [name: default]
2023-09-18T11:15:43.368-03:00  INFO 16752 --- [           main] org.hibernate.Version                    : HHH000412: Hibernate ORM core version 6.2.2.Final
2023-09-18T11:15:43.378-03:00  INFO 16752 --- [           main] org.hibernate.cfg.Environment            : HHH000406: Using bytecode reflection optimizer
2023-09-18T11:15:44.127-03:00  INFO 16752 --- [           main] o.h.b.i.BytecodeProviderInitiator        : HHH000021: Bytecode provider name : bytebuddy
2023-09-18T11:15:44.816-03:00  INFO 16752 --- [           main] o.s.o.j.p.SpringPersistenceUnitInfo      : No LoadTimeWeaver setup: ignoring JPA class transformer
2023-09-18T11:15:45.378-03:00  INFO 16752 --- [           main] org.hibernate.orm.dialect                : HHH035001: Using dialect: org.hibernate.dialect.PostgreSQLDialect, version: org.hibernate.engine.jdbc.env.internal.JdbcEnvironmentInitiator$DialectResolutionInfoImpl@2fa879ed
2023-09-18T11:15:46.941-03:00  INFO 16752 --- [           main] o.h.b.i.BytecodeProviderInitiator        : HHH000021: Bytecode provider name : bytebuddy
2023-09-18T11:15:50.424-03:00  INFO 16752 --- [           main] o.h.e.t.j.p.i.JtaPlatformInitiator       : HHH000490: Using JtaPlatform implementation: [org.hibernate.engine.transaction.jta.platform.internal.NoJtaPlatform]
2023-09-18T11:15:50.438-03:00  INFO 16752 --- [           main] j.LocalContainerEntityManagerFactoryBean : Initialized JPA EntityManagerFactory for persistence unit 'default'
2023-09-18T11:15:52.009-03:00  INFO 16752 --- [           main] o.s.d.j.r.query.QueryEnhancerFactory     : Hibernate is in classpath; If applicable, HQL parser will be used.
2023-09-18T11:15:54.754-03:00  WARN 16752 --- [           main] JpaBaseConfiguration$JpaWebConfiguration : spring.jpa.open-in-view is enabled by default. Therefore, database queries may be performed during view rendering. Explicitly configure spring.jpa.open-in-view to disable this warning
2023-09-18T11:15:55.199-03:00  INFO 16752 --- [           main] o.s.b.a.w.s.WelcomePageHandlerMapping    : Adding welcome page template: index
2023-09-18T11:15:56.426-03:00  INFO 16752 --- [           main] o.s.b.a.e.web.EndpointLinksResolver      : Exposing 1 endpoint(s) beneath base path '/actuator'
2023-09-18T11:15:56.986-03:00  INFO 16752 --- [           main] o.s.s.web.DefaultSecurityFilterChain     : Will secure any request with [org.springframework.security.web.session.DisableEncodeUrlFilter@71f9f8ba, org.springframework.security.web.context.request.async.WebAsyncManagerIntegrationFilter@7685912e, org.springframework.security.web.context.SecurityContextHolderFilter@38ebf8dc, org.springframework.security.web.header.HeaderWriterFilter@4437af21, org.springframework.security.web.authentication.logout.LogoutFilter@2291fb1, org.springframework.security.web.authentication.UsernamePasswordAuthenticationFilter@56da2437, org.springframework.security.web.savedrequest.RequestCacheAwareFilter@6f8c6694, org.springframework.security.web.servletapi.SecurityContextHolderAwareRequestFilter@71b01319, org.springframework.security.web.authentication.AnonymousAuthenticationFilter@3ea3b20d, org.springframework.security.web.session.SessionManagementFilter@6a0ca728, org.springframework.security.web.access.ExceptionTranslationFilter@6f5ae4e1, org.springframework.security.web.access.intercept.AuthorizationFilter@b65cc8b]
2023-09-18T11:15:59.304-03:00  INFO 16752 --- [           main] c.e.pedidos.PedidosApplicationTests      : Started PedidosApplicationTests in 30.259 seconds (process running for 35.04)
]]></system-out>
  </testcase>
</testsuite>