<?xml version="1.0" encoding="UTF-8"?>
<testsuite xmlns:xsi="http://www.w3.org/2001/XMLSchema-instance" xsi:noNamespaceSchemaLocation="https://maven.apache.org/surefire/maven-surefire-plugin/xsd/surefire-test-report-3.0.xsd" version="3.0" name="com.example.pedidos.PedidosApplicationTests" time="12.925" tests="1" errors="0" skipped="0" failures="0">
  <properties>
[...]
</properties>
  <testcase name="contextLoads" classname="com.example.pedidos.PedidosApplicationTests" time="0.66">
    <system-out><![CDATA[19:02:01.318 [main] INFO org.springframework.test.context.support.AnnotationConfigContextLoaderUtils -- Could not detect default configuration classes for test class [com.example.pedidos.PedidosApplicationTests]: PedidosApplicationTests does not declare any static, non-private, non-final, nested classes annotated with @Configuration.
19:02:01.476 [main] INFO org.springframework.boot.test.context.SpringBootTestContextBootstrapper -- Found @SpringBootConfiguration com.example.pedidos.PedidosApplication for test class com.example.pedidos.PedidosApplicationTests

  .   ____          _            __ _ _
 /\\ / ___'_ __ _ _(_)_ __  __ _ \ \ \ \
( ( )\___ | '_ | '_| | '_ \/ _` | \ \ \ \
 \\/  ___)| |_)| | | | | || (_| |  ) ) ) )
  '  |____| .__|_| |_|_| |_\__, | / / / /
 =========|_|==============|___/=/_/_/_/
 :: Spring Boot ::                (v3.1.0)

2023-10-06T19:02:02.123-03:00  INFO 340 --- [           main] c.e.pedidos.PedidosApplicationTests      : Starting PedidosApplicationTests using Java 20.0.2 with PID 340 (started by carlo in E:\Projetos\Repositorios\Pedidos)
2023-10-06T19:02:02.125-03:00  INFO 340 --- [           main] c.e.pedidos.PedidosApplicationTests      : No active profile set, falling back to 1 default profile: "default"
2023-10-06T19:02:03.571-03:00  INFO 340 --- [           main] .s.d.r.c.RepositoryConfigurationDelegate : Bootstrapping Spring Data JPA repositories in DEFAULT mode.
2023-10-06T19:02:03.682-03:00  INFO 340 --- [           main] .s.d.r.c.RepositoryConfigurationDelegate : Finished Spring Data repository scanning in 97 ms. Found 8 JPA repository interfaces.
2023-10-06T19:02:04.398-03:00 DEBUG 340 --- [           main] com.zaxxer.hikari.HikariConfig           : Driver class org.postgresql.Driver found in Thread context class loader jdk.internal.loader.ClassLoaders$AppClassLoader@70dea4e
2023-10-06T19:02:04.560-03:00 DEBUG 340 --- [           main] com.zaxxer.hikari.HikariConfig           : HikariPool-1 - configuration:
2023-10-06T19:02:04.574-03:00 DEBUG 340 --- [           main] com.zaxxer.hikari.HikariConfig           : allowPoolSuspension.............false
2023-10-06T19:02:04.574-03:00 DEBUG 340 --- [           main] com.zaxxer.hikari.HikariConfig           : autoCommit......................true
2023-10-06T19:02:04.574-03:00 DEBUG 340 --- [           main] com.zaxxer.hikari.HikariConfig           : catalog.........................none
2023-10-06T19:02:04.575-03:00 DEBUG 340 --- [           main] com.zaxxer.hikari.HikariConfig           : connectionInitSql...............none
2023-10-06T19:02:04.575-03:00 DEBUG 340 --- [           main] com.zaxxer.hikari.HikariConfig           : connectionTestQuery.............none
2023-10-06T19:02:04.578-03:00 DEBUG 340 --- [           main] com.zaxxer.hikari.HikariConfig           : connectionTimeout...............30000
2023-10-06T19:02:04.579-03:00 DEBUG 340 --- [           main] com.zaxxer.hikari.HikariConfig           : dataSource......................none
2023-10-06T19:02:04.579-03:00 DEBUG 340 --- [           main] com.zaxxer.hikari.HikariConfig           : dataSourceClassName.............none
2023-10-06T19:02:04.579-03:00 DEBUG 340 --- [           main] com.zaxxer.hikari.HikariConfig           : dataSourceJNDI..................none
2023-10-06T19:02:04.580-03:00 DEBUG 340 --- [           main] com.zaxxer.hikari.HikariConfig           : dataSourceProperties............{password=<masked>}
2023-10-06T19:02:04.581-03:00 DEBUG 340 --- [           main] com.zaxxer.hikari.HikariConfig           : driverClassName................."org.postgresql.Driver"
2023-10-06T19:02:04.581-03:00 DEBUG 340 --- [           main] com.zaxxer.hikari.HikariConfig           : exceptionOverrideClassName......none
2023-10-06T19:02:04.581-03:00 DEBUG 340 --- [           main] com.zaxxer.hikari.HikariConfig           : healthCheckProperties...........{}
2023-10-06T19:02:04.581-03:00 DEBUG 340 --- [           main] com.zaxxer.hikari.HikariConfig           : healthCheckRegistry.............none
2023-10-06T19:02:04.581-03:00 DEBUG 340 --- [           main] com.zaxxer.hikari.HikariConfig           : idleTimeout.....................600000
2023-10-06T19:02:04.582-03:00 DEBUG 340 --- [           main] com.zaxxer.hikari.HikariConfig           : initializationFailTimeout.......1
2023-10-06T19:02:04.582-03:00 DEBUG 340 --- [           main] com.zaxxer.hikari.HikariConfig           : isolateInternalQueries..........false
2023-10-06T19:02:04.582-03:00 DEBUG 340 --- [           main] com.zaxxer.hikari.HikariConfig           : jdbcUrl.........................jdbc:postgresql://35.194.23.80:5432/Bd_Pedidos
2023-10-06T19:02:04.582-03:00 DEBUG 340 --- [           main] com.zaxxer.hikari.HikariConfig           : keepaliveTime...................0
2023-10-06T19:02:04.583-03:00 DEBUG 340 --- [           main] com.zaxxer.hikari.HikariConfig           : leakDetectionThreshold..........2000
2023-10-06T19:02:04.583-03:00 DEBUG 340 --- [           main] com.zaxxer.hikari.HikariConfig           : maxLifetime.....................1800000
2023-10-06T19:02:04.583-03:00 DEBUG 340 --- [           main] com.zaxxer.hikari.HikariConfig           : maximumPoolSize.................20
2023-10-06T19:02:04.583-03:00 DEBUG 340 --- [           main] com.zaxxer.hikari.HikariConfig           : metricRegistry..................none
2023-10-06T19:02:04.583-03:00 DEBUG 340 --- [           main] com.zaxxer.hikari.HikariConfig           : metricsTrackerFactory...........none
2023-10-06T19:02:04.584-03:00 DEBUG 340 --- [           main] com.zaxxer.hikari.HikariConfig           : minimumIdle.....................5
2023-10-06T19:02:04.584-03:00 DEBUG 340 --- [           main] com.zaxxer.hikari.HikariConfig           : password........................<masked>
2023-10-06T19:02:04.584-03:00 DEBUG 340 --- [           main] com.zaxxer.hikari.HikariConfig           : poolName........................"HikariPool-1"
2023-10-06T19:02:04.584-03:00 DEBUG 340 --- [           main] com.zaxxer.hikari.HikariConfig           : readOnly........................false
2023-10-06T19:02:04.584-03:00 DEBUG 340 --- [           main] com.zaxxer.hikari.HikariConfig           : registerMbeans..................false
2023-10-06T19:02:04.585-03:00 DEBUG 340 --- [           main] com.zaxxer.hikari.HikariConfig           : scheduledExecutor...............none
2023-10-06T19:02:04.585-03:00 DEBUG 340 --- [           main] com.zaxxer.hikari.HikariConfig           : schema..........................none
2023-10-06T19:02:04.585-03:00 DEBUG 340 --- [           main] com.zaxxer.hikari.HikariConfig           : threadFactory...................internal
2023-10-06T19:02:04.585-03:00 DEBUG 340 --- [           main] com.zaxxer.hikari.HikariConfig           : transactionIsolation............default
2023-10-06T19:02:04.585-03:00 DEBUG 340 --- [           main] com.zaxxer.hikari.HikariConfig           : username........................"postgres"
2023-10-06T19:02:04.586-03:00 DEBUG 340 --- [           main] com.zaxxer.hikari.HikariConfig           : validationTimeout...............5000
2023-10-06T19:02:04.586-03:00  INFO 340 --- [           main] com.zaxxer.hikari.HikariDataSource       : HikariPool-1 - Starting...
2023-10-06T19:02:07.114-03:00  INFO 340 --- [           main] com.zaxxer.hikari.pool.HikariPool        : HikariPool-1 - Added connection org.postgresql.jdbc.PgConnection@17176b18
2023-10-06T19:02:07.117-03:00  INFO 340 --- [           main] com.zaxxer.hikari.HikariDataSource       : HikariPool-1 - Start completed.
2023-10-06T19:02:07.202-03:00  INFO 340 --- [           main] o.hibernate.jpa.internal.util.LogHelper  : HHH000204: Processing PersistenceUnitInfo [name: default]
2023-10-06T19:02:07.218-03:00 DEBUG 340 --- [l-1 housekeeper] com.zaxxer.hikari.pool.HikariPool        : HikariPool-1 - Before cleanup stats (total=1, active=0, idle=1, waiting=0)
2023-10-06T19:02:07.219-03:00 DEBUG 340 --- [l-1 housekeeper] com.zaxxer.hikari.pool.HikariPool        : HikariPool-1 - After cleanup  stats (total=1, active=0, idle=1, waiting=0)
2023-10-06T19:02:07.328-03:00  INFO 340 --- [           main] org.hibernate.Version                    : HHH000412: Hibernate ORM core version 6.2.2.Final
2023-10-06T19:02:07.332-03:00  INFO 340 --- [           main] org.hibernate.cfg.Environment            : HHH000406: Using bytecode reflection optimizer
2023-10-06T19:02:07.613-03:00  INFO 340 --- [           main] o.h.b.i.BytecodeProviderInitiator        : HHH000021: Bytecode provider name : bytebuddy
2023-10-06T19:02:07.834-03:00  INFO 340 --- [           main] o.s.o.j.p.SpringPersistenceUnitInfo      : No LoadTimeWeaver setup: ignoring JPA class transformer
2023-10-06T19:02:08.170-03:00  INFO 340 --- [           main] org.hibernate.orm.dialect                : HHH035001: Using dialect: org.hibernate.dialect.PostgreSQLDialect, version: org.hibernate.engine.jdbc.env.internal.JdbcEnvironmentInitiator$DialectResolutionInfoImpl@7f030c72
2023-10-06T19:02:08.357-03:00 DEBUG 340 --- [onnection adder] com.zaxxer.hikari.pool.HikariPool        : HikariPool-1 - Added connection org.postgresql.jdbc.PgConnection@6cad428
2023-10-06T19:02:08.824-03:00  INFO 340 --- [           main] o.h.b.i.BytecodeProviderInitiator        : HHH000021: Bytecode provider name : bytebuddy
2023-10-06T19:02:09.535-03:00 DEBUG 340 --- [onnection adder] com.zaxxer.hikari.pool.HikariPool        : HikariPool-1 - Added connection org.postgresql.jdbc.PgConnection@c32bf58
2023-10-06T19:02:10.056-03:00  INFO 340 --- [           main] o.h.e.t.j.p.i.JtaPlatformInitiator       : HHH000490: Using JtaPlatform implementation: [org.hibernate.engine.transaction.jta.platform.internal.NoJtaPlatform]
2023-10-06T19:02:10.060-03:00  INFO 340 --- [           main] j.LocalContainerEntityManagerFactoryBean : Initialized JPA EntityManagerFactory for persistence unit 'default'
2023-10-06T19:02:10.810-03:00 DEBUG 340 --- [onnection adder] com.zaxxer.hikari.pool.HikariPool        : HikariPool-1 - Added connection org.postgresql.jdbc.PgConnection@493030ba
2023-10-06T19:02:11.447-03:00  WARN 340 --- [           main] JpaBaseConfiguration$JpaWebConfiguration : spring.jpa.open-in-view is enabled by default. Therefore, database queries may be performed during view rendering. Explicitly configure spring.jpa.open-in-view to disable this warning
2023-10-06T19:02:11.673-03:00  INFO 340 --- [           main] o.s.b.a.w.s.WelcomePageHandlerMapping    : Adding welcome page template: index
2023-10-06T19:02:11.965-03:00 DEBUG 340 --- [onnection adder] com.zaxxer.hikari.pool.HikariPool        : HikariPool-1 - Added connection org.postgresql.jdbc.PgConnection@198bc620
2023-10-06T19:02:11.976-03:00 DEBUG 340 --- [onnection adder] com.zaxxer.hikari.pool.HikariPool        : HikariPool-1 - After adding stats (total=5, active=0, idle=5, waiting=0)
2023-10-06T19:02:12.269-03:00  INFO 340 --- [           main] o.s.b.a.e.web.EndpointLinksResolver      : Exposing 1 endpoint(s) beneath base path '/actuator'
2023-10-06T19:02:12.479-03:00  INFO 340 --- [           main] o.s.s.web.DefaultSecurityFilterChain     : Will secure any request with [org.springframework.security.web.session.DisableEncodeUrlFilter@3dc5eb8f, org.springframework.security.web.context.request.async.WebAsyncManagerIntegrationFilter@1d4b0a07, org.springframework.security.web.context.SecurityContextHolderFilter@45f32b12, org.springframework.security.web.header.HeaderWriterFilter@2e41e0c, org.springframework.security.web.authentication.logout.LogoutFilter@163cd4a6, org.springframework.security.web.authentication.UsernamePasswordAuthenticationFilter@486d1868, org.springframework.security.web.savedrequest.RequestCacheAwareFilter@5bbeb9e3, org.springframework.security.web.servletapi.SecurityContextHolderAwareRequestFilter@456beb8b, org.springframework.security.web.authentication.AnonymousAuthenticationFilter@17a89cb1, org.springframework.security.web.session.SessionManagementFilter@622e39d, org.springframework.security.web.access.ExceptionTranslationFilter@6e200307, org.springframework.security.web.access.intercept.AuthorizationFilter@502dc93a]
2023-10-06T19:02:13.200-03:00  INFO 340 --- [           main] c.e.pedidos.PedidosApplicationTests      : Started PedidosApplicationTests in 11.5 seconds (process running for 13.155)
]]></system-out>
  </testcase>
</testsuite>